
TZ [ACT]
TZ [AET]
TZ [Africa/Abidjan]
TZ [Africa/Accra]
TZ [Africa/Addis_Ababa]
TZ [Africa/Algiers]
TZ [Africa/Asmara]
TZ [Africa/Asmera]
TZ [Africa/Bamako]
TZ [Africa/Bangui]
TZ [Africa/Banjul]
TZ [Africa/Bissau]
TZ [Africa/Blantyre]
TZ [Africa/Brazzaville]
TZ [Africa/Bujumbura]
TZ [Africa/Cairo]
TZ [Africa/Casablanca]
TZ [Africa/Ceuta]
TZ [Africa/Conakry]
TZ [Africa/Dakar]
TZ [Africa/Dar_es_Salaam]
TZ [Africa/Djibouti]
TZ [Africa/Douala]
TZ [Africa/El_Aaiun]
TZ [Africa/Freetown]
TZ [Africa/Gaborone]
TZ [Africa/Harare]
TZ [Africa/Johannesburg]
TZ [Africa/Juba]
TZ [Africa/Kampala]
TZ [Africa/Khartoum]
TZ [Africa/Kigali]
TZ [Africa/Kinshasa]
TZ [Africa/Lagos]
TZ [Africa/Libreville]
TZ [Africa/Lome]
TZ [Africa/Luanda]
TZ [Africa/Lubumbashi]
TZ [Africa/Lusaka]
TZ [Africa/Malabo]
TZ [Africa/Maputo]
TZ [Africa/Maseru]
TZ [Africa/Mbabane]
TZ [Africa/Mogadishu]
TZ [Africa/Monrovia]
TZ [Africa/Nairobi]
TZ [Africa/Ndjamena]
TZ [Africa/Niamey]
TZ [Africa/Nouakchott]
TZ [Africa/Ouagadougou]
TZ [Africa/Porto-Novo]
TZ [Africa/Sao_Tome]
TZ [Africa/Timbuktu]
TZ [Africa/Tripoli]
TZ [Africa/Tunis]
TZ [Africa/Windhoek]
TZ [AGT]
TZ [America/Adak]
TZ [America/Anchorage]
TZ [America/Anguilla]
TZ [America/Antigua]
TZ [America/Araguaina]
TZ [America/Argentina/Buenos_Aires]
TZ [America/Argentina/Catamarca]
TZ [America/Argentina/ComodRivadavia]
TZ [America/Argentina/Cordoba]
TZ [America/Argentina/Jujuy]
TZ [America/Argentina/La_Rioja]
TZ [America/Argentina/Mendoza]
TZ [America/Argentina/Rio_Gallegos]
TZ [America/Argentina/Salta]
TZ [America/Argentina/San_Juan]
TZ [America/Argentina/San_Luis]
TZ [America/Argentina/Tucuman]
TZ [America/Argentina/Ushuaia]
TZ [America/Aruba]
TZ [America/Asuncion]
TZ [America/Atikokan]
TZ [America/Atka]
TZ [America/Bahia]
TZ [America/Bahia_Banderas]
TZ [America/Barbados]
TZ [America/Belem]
TZ [America/Belize]
TZ [America/Blanc-Sablon]
TZ [America/Boa_Vista]
TZ [America/Bogota]
TZ [America/Boise]
TZ [America/Buenos_Aires]
TZ [America/Cambridge_Bay]
TZ [America/Campo_Grande]
TZ [America/Cancun]
TZ [America/Caracas]
TZ [America/Catamarca]
TZ [America/Cayenne]
TZ [America/Cayman]
TZ [America/Chicago]
TZ [America/Chihuahua]
TZ [America/Coral_Harbour]
TZ [America/Cordoba]
TZ [America/Costa_Rica]
TZ [America/Creston]
TZ [America/Cuiaba]
TZ [America/Curacao]
TZ [America/Danmarkshavn]
TZ [America/Dawson]
TZ [America/Dawson_Creek]
TZ [America/Denver]
TZ [America/Detroit]
TZ [America/Dominica]
TZ [America/Edmonton]
TZ [America/Eirunepe]
TZ [America/El_Salvador]
TZ [America/Ensenada]
TZ [America/Fortaleza]
TZ [America/Fort_Wayne]
TZ [America/Glace_Bay]
TZ [America/Godthab]
TZ [America/Goose_Bay]
TZ [America/Grand_Turk]
TZ [America/Grenada]
TZ [America/Guadeloupe]
TZ [America/Guatemala]
TZ [America/Guayaquil]
TZ [America/Guyana]
TZ [America/Halifax]
TZ [America/Havana]
TZ [America/Hermosillo]
TZ [America/Indiana/Indianapolis]
TZ [America/Indiana/Knox]
TZ [America/Indiana/Marengo]
TZ [America/Indiana/Petersburg]
TZ [America/Indianapolis]
TZ [America/Indiana/Tell_City]
TZ [America/Indiana/Vevay]
TZ [America/Indiana/Vincennes]
TZ [America/Indiana/Winamac]
TZ [America/Inuvik]
TZ [America/Iqaluit]
TZ [America/Jamaica]
TZ [America/Jujuy]
TZ [America/Juneau]
TZ [America/Kentucky/Louisville]
TZ [America/Kentucky/Monticello]
TZ [America/Knox_IN]
TZ [America/Kralendijk]
TZ [America/La_Paz]
TZ [America/Lima]
TZ [America/Los_Angeles]
TZ [America/Louisville]
TZ [America/Lower_Princes]
TZ [America/Maceio]
TZ [America/Managua]
TZ [America/Manaus]
TZ [America/Marigot]
TZ [America/Martinique]
TZ [America/Matamoros]
TZ [America/Mazatlan]
TZ [America/Mendoza]
TZ [America/Menominee]
TZ [America/Merida]
TZ [America/Metlakatla]
TZ [America/Mexico_City]
TZ [America/Miquelon]
TZ [America/Moncton]
TZ [America/Monterrey]
TZ [America/Montevideo]
TZ [America/Montreal]
TZ [America/Montserrat]
TZ [America/Nassau]
TZ [America/New_York]
TZ [America/Nipigon]
TZ [America/Nome]
TZ [America/Noronha]
TZ [America/North_Dakota/Beulah]
TZ [America/North_Dakota/Center]
TZ [America/North_Dakota/New_Salem]
TZ [America/Ojinaga]
TZ [America/Panama]
TZ [America/Pangnirtung]
TZ [America/Paramaribo]
TZ [America/Phoenix]
TZ [America/Port-au-Prince]
TZ [America/Porto_Acre]
TZ [America/Port_of_Spain]
TZ [America/Porto_Velho]
TZ [America/Puerto_Rico]
TZ [America/Rainy_River]
TZ [America/Rankin_Inlet]
TZ [America/Recife]
TZ [America/Regina]
TZ [America/Resolute]
TZ [America/Rio_Branco]
TZ [America/Rosario]
TZ [America/Santa_Isabel]
TZ [America/Santarem]
TZ [America/Santiago]
TZ [America/Santo_Domingo]
TZ [America/Sao_Paulo]
TZ [America/Scoresbysund]
TZ [America/Shiprock]
TZ [America/Sitka]
TZ [America/St_Barthelemy]
TZ [America/St_Johns]
TZ [America/St_Kitts]
TZ [America/St_Lucia]
TZ [America/St_Thomas]
TZ [America/St_Vincent]
TZ [America/Swift_Current]
TZ [America/Tegucigalpa]
TZ [America/Thule]
TZ [America/Thunder_Bay]
TZ [America/Tijuana]
TZ [America/Toronto]
TZ [America/Tortola]
TZ [America/Vancouver]
TZ [America/Virgin]
TZ [America/Whitehorse]
TZ [America/Winnipeg]
TZ [America/Yakutat]
TZ [America/Yellowknife]
TZ [Antarctica/Casey]
TZ [Antarctica/Davis]
TZ [Antarctica/DumontDUrville]
TZ [Antarctica/Macquarie]
TZ [Antarctica/Mawson]
TZ [Antarctica/McMurdo]
TZ [Antarctica/Palmer]
TZ [Antarctica/Rothera]
TZ [Antarctica/South_Pole]
TZ [Antarctica/Syowa]
TZ [Antarctica/Troll]
TZ [Antarctica/Vostok]
TZ [Arctic/Longyearbyen]
TZ [ART]
TZ [Asia/Aden]
TZ [Asia/Almaty]
TZ [Asia/Amman]
TZ [Asia/Anadyr]
TZ [Asia/Aqtau]
TZ [Asia/Aqtobe]
TZ [Asia/Ashgabat]
TZ [Asia/Ashkhabad]
TZ [Asia/Baghdad]
TZ [Asia/Bahrain]
TZ [Asia/Baku]
TZ [Asia/Bangkok]
TZ [Asia/Beirut]
TZ [Asia/Bishkek]
TZ [Asia/Brunei]
TZ [Asia/Calcutta]
TZ [Asia/Chita]
TZ [Asia/Choibalsan]
TZ [Asia/Chongqing]
TZ [Asia/Chungking]
TZ [Asia/Colombo]
TZ [Asia/Dacca]
TZ [Asia/Damascus]
TZ [Asia/Dhaka]
TZ [Asia/Dili]
TZ [Asia/Dubai]
TZ [Asia/Dushanbe]
TZ [Asia/Gaza]
TZ [Asia/Harbin]
TZ [Asia/Hebron]
TZ [Asia/Ho_Chi_Minh]
TZ [Asia/Hong_Kong]
TZ [Asia/Hovd]
TZ [Asia/Irkutsk]
TZ [Asia/Istanbul]
TZ [Asia/Jakarta]
TZ [Asia/Jayapura]
TZ [Asia/Jerusalem]
TZ [Asia/Kabul]
TZ [Asia/Kamchatka]
TZ [Asia/Karachi]
TZ [Asia/Kashgar]
TZ [Asia/Kathmandu]
TZ [Asia/Katmandu]
TZ [Asia/Khandyga]
TZ [Asia/Kolkata]
TZ [Asia/Krasnoyarsk]
TZ [Asia/Kuala_Lumpur]
TZ [Asia/Kuching]
TZ [Asia/Kuwait]
TZ [Asia/Macao]
TZ [Asia/Macau]
TZ [Asia/Magadan]
TZ [Asia/Makassar]
TZ [Asia/Manila]
TZ [Asia/Muscat]
TZ [Asia/Nicosia]
TZ [Asia/Novokuznetsk]
TZ [Asia/Novosibirsk]
TZ [Asia/Omsk]
TZ [Asia/Oral]
TZ [Asia/Phnom_Penh]
TZ [Asia/Pontianak]
TZ [Asia/Pyongyang]
TZ [Asia/Qatar]
TZ [Asia/Qyzylorda]
TZ [Asia/Rangoon]
TZ [Asia/Riyadh]
TZ [Asia/Riyadh87]
TZ [Asia/Riyadh88]
TZ [Asia/Riyadh89]
TZ [Asia/Saigon]
TZ [Asia/Sakhalin]
TZ [Asia/Samarkand]
TZ [Asia/Seoul]
TZ [Asia/Shanghai]
TZ [Asia/Singapore]
TZ [Asia/Srednekolymsk]
TZ [Asia/Taipei]
TZ [Asia/Tashkent]
TZ [Asia/Tbilisi]
TZ [Asia/Tehran]
TZ [Asia/Tel_Aviv]
TZ [Asia/Thimbu]
TZ [Asia/Thimphu]
TZ [Asia/Tokyo]
TZ [Asia/Ujung_Pandang]
TZ [Asia/Ulaanbaatar]
TZ [Asia/Ulan_Bator]
TZ [Asia/Urumqi]
TZ [Asia/Ust-Nera]
TZ [Asia/Vientiane]
TZ [Asia/Vladivostok]
TZ [Asia/Yakutsk]
TZ [Asia/Yekaterinburg]
TZ [Asia/Yerevan]
TZ [AST]
TZ [Atlantic/Azores]
TZ [Atlantic/Bermuda]
TZ [Atlantic/Canary]
TZ [Atlantic/Cape_Verde]
TZ [Atlantic/Faeroe]
TZ [Atlantic/Faroe]
TZ [Atlantic/Jan_Mayen]
TZ [Atlantic/Madeira]
TZ [Atlantic/Reykjavik]
TZ [Atlantic/South_Georgia]
TZ [Atlantic/Stanley]
TZ [Atlantic/St_Helena]
TZ [Australia/ACT]
TZ [Australia/Adelaide]
TZ [Australia/Brisbane]
TZ [Australia/Broken_Hill]
TZ [Australia/Canberra]
TZ [Australia/Currie]
TZ [Australia/Darwin]
TZ [Australia/Eucla]
TZ [Australia/Hobart]
TZ [Australia/LHI]
TZ [Australia/Lindeman]
TZ [Australia/Lord_Howe]
TZ [Australia/Melbourne]
TZ [Australia/North]
TZ [Australia/NSW]
TZ [Australia/Perth]
TZ [Australia/Queensland]
TZ [Australia/South]
TZ [Australia/Sydney]
TZ [Australia/Tasmania]
TZ [Australia/Victoria]
TZ [Australia/West]
TZ [Australia/Yancowinna]
TZ [BET]
TZ [Brazil/Acre]
TZ [Brazil/DeNoronha]
TZ [Brazil/East]
TZ [Brazil/West]
TZ [BST]
TZ [Canada/Atlantic]
TZ [Canada/Central]
TZ [Canada/Eastern]
TZ [Canada/East-Saskatchewan]
TZ [Canada/Mountain]
TZ [Canada/Newfoundland]
TZ [Canada/Pacific]
TZ [Canada/Saskatchewan]
TZ [Canada/Yukon]
TZ [CAT]
TZ [CET]
TZ [Chile/Continental]
TZ [Chile/EasterIsland]
TZ [CNT]
TZ [CST]
TZ [CST6CDT]
TZ [CTT]
TZ [Cuba]
TZ [EAT]
TZ [ECT]
TZ [EET]
TZ [Egypt]
TZ [Eire]
TZ [EST]
TZ [EST5EDT]
TZ [Etc/GMT]
TZ [Etc/GMT-0]
TZ [Etc/GMT+0]
TZ [Etc/GMT0]
TZ [Etc/GMT-1]
TZ [Etc/GMT+1]
TZ [Etc/GMT-10]
TZ [Etc/GMT+10]
TZ [Etc/GMT-11]
TZ [Etc/GMT+11]
TZ [Etc/GMT-12]
TZ [Etc/GMT+12]
TZ [Etc/GMT-13]
TZ [Etc/GMT-14]
TZ [Etc/GMT-2]
TZ [Etc/GMT+2]
TZ [Etc/GMT-3]
TZ [Etc/GMT+3]
TZ [Etc/GMT-4]
TZ [Etc/GMT+4]
TZ [Etc/GMT-5]
TZ [Etc/GMT+5]
TZ [Etc/GMT-6]
TZ [Etc/GMT+6]
TZ [Etc/GMT-7]
TZ [Etc/GMT+7]
TZ [Etc/GMT-8]
TZ [Etc/GMT+8]
TZ [Etc/GMT-9]
TZ [Etc/GMT+9]
TZ [Etc/Greenwich]
TZ [Etc/UCT]
TZ [Etc/Universal]
TZ [Etc/UTC]
TZ [Etc/Zulu]
TZ [Europe/Amsterdam]
TZ [Europe/Andorra]
TZ [Europe/Athens]
TZ [Europe/Belfast]
TZ [Europe/Belgrade]
TZ [Europe/Berlin]
TZ [Europe/Bratislava]
TZ [Europe/Brussels]
TZ [Europe/Bucharest]
TZ [Europe/Budapest]
TZ [Europe/Busingen]
TZ [Europe/Chisinau]
TZ [Europe/Copenhagen]
TZ [Europe/Dublin]
TZ [Europe/Gibraltar]
TZ [Europe/Guernsey]
TZ [Europe/Helsinki]
TZ [Europe/Isle_of_Man]
TZ [Europe/Istanbul]
TZ [Europe/Jersey]
TZ [Europe/Kaliningrad]
TZ [Europe/Kiev]
TZ [Europe/Lisbon]
TZ [Europe/Ljubljana]
TZ [Europe/London]
TZ [Europe/Luxembourg]
TZ [Europe/Madrid]
TZ [Europe/Malta]
TZ [Europe/Mariehamn]
TZ [Europe/Minsk]
TZ [Europe/Monaco]
TZ [Europe/Moscow]
TZ [Europe/Nicosia]
TZ [Europe/Oslo]
TZ [Europe/Paris]
TZ [Europe/Podgorica]
TZ [Europe/Prague]
TZ [Europe/Riga]
TZ [Europe/Rome]
TZ [Europe/Samara]
TZ [Europe/San_Marino]
TZ [Europe/Sarajevo]
TZ [Europe/Simferopol]
TZ [Europe/Skopje]
TZ [Europe/Sofia]
TZ [Europe/Stockholm]
TZ [Europe/Tallinn]
TZ [Europe/Tirane]
TZ [Europe/Tiraspol]
TZ [Europe/Uzhgorod]
TZ [Europe/Vaduz]
TZ [Europe/Vatican]
TZ [Europe/Vienna]
TZ [Europe/Vilnius]
TZ [Europe/Volgograd]
TZ [Europe/Warsaw]
TZ [Europe/Zagreb]
TZ [Europe/Zaporozhye]
TZ [Europe/Zurich]
TZ [GB]
TZ [GB-Eire]
TZ [GMT]
TZ [GMT0]
TZ [Greenwich]
TZ [Hongkong]
TZ [HST]
TZ [Iceland]
TZ [IET]
TZ [Indian/Antananarivo]
TZ [Indian/Chagos]
TZ [Indian/Christmas]
TZ [Indian/Cocos]
TZ [Indian/Comoro]
TZ [Indian/Kerguelen]
TZ [Indian/Mahe]
TZ [Indian/Maldives]
TZ [Indian/Mauritius]
TZ [Indian/Mayotte]
TZ [Indian/Reunion]
TZ [Iran]
TZ [Israel]
TZ [IST]
TZ [Jamaica]
TZ [Japan]
TZ [JST]
TZ [Kwajalein]
TZ [Libya]
TZ [MET]
TZ [Mexico/BajaNorte]
TZ [Mexico/BajaSur]
TZ [Mexico/General]
TZ [Mideast/Riyadh87]
TZ [Mideast/Riyadh88]
TZ [Mideast/Riyadh89]
TZ [MIT]
TZ [MST]
TZ [MST7MDT]
TZ [Navajo]
TZ [NET]
TZ [NST]
TZ [NZ]
TZ [NZ-CHAT]
TZ [Pacific/Apia]
TZ [Pacific/Auckland]
TZ [Pacific/Bougainville]
TZ [Pacific/Chatham]
TZ [Pacific/Chuuk]
TZ [Pacific/Easter]
TZ [Pacific/Efate]
TZ [Pacific/Enderbury]
TZ [Pacific/Fakaofo]
TZ [Pacific/Fiji]
TZ [Pacific/Funafuti]
TZ [Pacific/Galapagos]
TZ [Pacific/Gambier]
TZ [Pacific/Guadalcanal]
TZ [Pacific/Guam]
TZ [Pacific/Honolulu]
TZ [Pacific/Johnston]
TZ [Pacific/Kiritimati]
TZ [Pacific/Kosrae]
TZ [Pacific/Kwajalein]
TZ [Pacific/Majuro]
TZ [Pacific/Marquesas]
TZ [Pacific/Midway]
TZ [Pacific/Nauru]
TZ [Pacific/Niue]
TZ [Pacific/Norfolk]
TZ [Pacific/Noumea]
TZ [Pacific/Pago_Pago]
TZ [Pacific/Palau]
TZ [Pacific/Pitcairn]
TZ [Pacific/Pohnpei]
TZ [Pacific/Ponape]
TZ [Pacific/Port_Moresby]
TZ [Pacific/Rarotonga]
TZ [Pacific/Saipan]
TZ [Pacific/Samoa]
TZ [Pacific/Tahiti]
TZ [Pacific/Tarawa]
TZ [Pacific/Tongatapu]
TZ [Pacific/Truk]
TZ [Pacific/Wake]
TZ [Pacific/Wallis]
TZ [Pacific/Yap]
TZ [PLT]
TZ [PNT]
TZ [Poland]
TZ [Portugal]
TZ [PRC]
TZ [PRT]
TZ [PST]
TZ [PST8PDT]
TZ [ROK]
TZ [Singapore]
TZ [SST]
TZ [SystemV/AST4]
TZ [SystemV/AST4ADT]
TZ [SystemV/CST6]
TZ [SystemV/CST6CDT]
TZ [SystemV/EST5]
TZ [SystemV/EST5EDT]
TZ [SystemV/HST10]
TZ [SystemV/MST7]
TZ [SystemV/MST7MDT]
TZ [SystemV/PST8]
TZ [SystemV/PST8PDT]
TZ [SystemV/YST9]
TZ [SystemV/YST9YDT]
TZ [Turkey]
TZ [UCT]
TZ [Universal]
TZ [US/Alaska]
TZ [US/Aleutian]
TZ [US/Arizona]
TZ [US/Central]
TZ [US/Eastern]
TZ [US/East-Indiana]
TZ [US/Hawaii]
TZ [US/Indiana-Starke]
TZ [US/Michigan]
TZ [US/Mountain]
TZ [US/Pacific]
TZ [US/Pacific-New]
TZ [US/Samoa]
TZ [UTC]
TZ [VST]
TZ [WET]
TZ [W-SU]
TZ [Zulu]
